{
  "original_txt": "SANS Community Benefits\nConnect, learn, and share with other cybersecurity professionals\nExperience SANS training through course previews.\nLearn MoreLet us help.\nContact usBecome a member for instant access to our free resources.\nSign UpWe're here to help.\nContact UsAttackers can make a Window services disappear from view. Fortunately these services can still be found, through unconventional discovery techniques.\nIn the previous article, I wrote about a technique that can be used to hide a Windows service from view using standard service enumeration techniques including Get-Service, sc query, and services.exe:\nPS C:\\WINDOWS\\system32> & $env:SystemRoot\\System32\\sc.exe sdset SWCUEngine \"D:(D;;DCLCWPDTSD;;;IU)(D;;DCLCWPDTSD;;;SU)(D;;DCLCWPDTSD;;;BA)(A;;CCLCSWLOCRRC;;;IU)(A;;CCLCSWLOCRRC;;;SU)(A;;CCLCSWRPWPDTLOCRRC;;;SY)(A;;CCDCLCSWRPWPDTLOCRSDRCWDWO;;;BA)S:(AU;FA;CCDCLCSWRPWPDTLOCRSDRCWDWO;;;WD)\"\n[SC] SetServiceObjectSecurity SUCCESS\nPS C:\\WINDOWS\\system32> Get-Service | Select-Object Name | Select-String -Pattern 'SWCUEngine'\nPS C:\\WINDOWS\\system32> Get-WmiObject Win32_Service | Select-String -Pattern 'SWCUEngine'\nPS C:\\WINDOWS\\system32> & $env:SystemRoot\\System32\\sc.exe query | Select-String -Pattern 'SWCUEngine'\nPS C:\\WINDOWS\\system32>\nAfter establishing access to a system, an attacker can use this as a means to obtain persistent access to the host using the Command & Control (C2) mechanism of their choosing, evading typical service enumeration techniques.\nIf an attacker hides a service using the sc sdset technique, Windows will generate a logging event: Security log Event ID 4674:\nPS C:\\WINDOWS\\system32> $dacl=\"D:(D;;DCLCWPDTSD;;;IU)(D;;DCLCWPDTSD;;;SU)(D;;DCLCWPDTSD;;;BA)(A;;CCLCSWLOCRRC;;;IU)(A;;CCLCSWLOCRRC;;;SU)(A;;CCLCSWRPWPDTLOCRRC;;;SY)(A;;CCDCLCSWRPWPDTLOCRSDRCWDWO;;;BA)S:(AU;FA;CCDCLCSWRPWPDTLOCRSDRCWDWO;;;WD)\"\nPS C:\\WINDOWS\\system32> Clear-Eventlog -Logname Security ; & $env:SystemRoot\\System32\\sc.exe sdset SWCUEngine $dacl ; Sleep 1 ; Get-Eventlog -Logname Security | fl -Property EventID,Message\n[SC] SetServiceObjectSecurity SUCCESS\nEventID : 4674\nMessage : An operation was attempted on a privileged object.\nSubject:\nSecurity ID: S-1-5-21-2977773840-2930198165-1551093962-1000\nAccount Name: Sec504\nAccount Domain: SEC504STUDENT\nLogon ID: 0x35aec\nObject:\nObject Server: SC Manager\nObject Type: SERVICE OBJECT\nObject Name: SWCUEngine\nObject Handle: 0xffffbb06ee98e928\nProcess Information:\nProcess ID: 0x25c\nProcess Name: C:\\Windows\\System32\\services.exe\nRequested Operation:\nDesired Access: %%1539\nPrivileges: SeSecurityPrivilege\nEventID : 1102\nMessage : The audit log was cleared.\nSubject:\nSecurity ID: S-1-5-21-2977773840-2930198165-1551093962-1000\nAccount Name: Sec504\nDomain Name: SEC504STUDENT\nLogon ID: 0x35aec\nPS C:\\WINDOWS\\system32>\nUsing the Splunk Boss of the SOC v3 data (courtesy of the amazing Dave Herrald), it appears that Security Event ID 4674 An operation was attempted on a privileged object events are pretty rare indeed, particularly when applied to the services.exe process. This seems like a good candidate for a DeepBlueCLI event detect.\nFirst, you'll need to download DeepBlueCLI. This is easiest if you've already installed Git on your system:\nPS C:\\> mkdir c:\\tools\nPS C:\\> cd tools\nPS C:\\tools> git clone https://github.com/sans-blue-team/DeepBlueCLI.git\nCloning into 'DeepBlueCLI'...\nremote: Enumerating objects: 31, done.\nremote: Counting objects: 100% (31/31), done.\nremote: Compressing objects: 100% (21/21), done.\nReceiving objects: 100% (493/493), 5.56 MiB | 13.85 MiB/s, done.\nResolving deltas: 100% (271/271), done.\nBy default, DeepBlue.ps1 reads from the local Security log, which will identify this attack:\nPS C:\\tools> cd .\\DeepBlueCLI\\\nPS C:\\tools\\DeepBlueCLI> .\\DeepBlue.ps1\nDate : 10/13/2020 10:59:21 AM\nLog : Security\nEventID : 4674\nMessage : Possible Hidden Service Attempt\nResults : User requested to modify the Dynamic Access Control (DAC) permissions of a service,\npossibly to hide it from view.\nUser: Sec504\nTarget service: SWCUEngine\nDesired Access: WRITE_DAC\nCommand :\nDecoded :\nA sample EVTX log capture is also available for testing.\nThis detect is useful since it also reveals the target service name. You can confirm that the service is hidden by attempting to enumerate it and to interrogate it directly. First, we confirm that the service is hidden:\nPS C:\\tools\\DeepBlueCLI> Get-Service | Select-Object Name | Select-String -Pattern 'SWCUEngine'\nPS C:\\tools\\DeepBlueCLI>\nIn this output we see that the service name is not displayed in the output of Get-Service. Since we know the name of the service from the DeepBlueCLI output though, we can attempt to control the service using Set-Service:\nPS C:\\tools\\DeepBlueCLI> Set-Service -Name SWCUEngine -Status Stopped\nSet-Service : Service 'SWCUEngine (SWCUEngine)' cannot be configured due to the following error: Access is denied\nAt line:1 char:1\n...\nNotice how in the Set-Service command, the error message is Access is denied. Compared to a service that really does not exist, shown below:\nPS C:\\tools\\DeepBlueCLI> Set-Service -Name JoshNonexistentService -Status Stopped\nSet-Service : Service JoshNonexistentService was not found on computer '.'.\nAt line:1 char:1\n...\nThe message Service ... was not found indicates that there really is no service, while the message Access is denied tells us that it does exist, and is hidden on the local system.\nThis detection mechanism is useful, but is still problematic. What if an attacker clears the event log? What if an attacker purges the log entry? What if the event log information rolls over prior to detection?\nFortunately, Windows also maintains a registry key for each service in HKLM\\System\\CurrentControlSet\\Services. We can cross-reference the registry key list with the service name list from Get-Service to identify any outliers. This gets a little complicated since there are multiple entries in the Services registry key for Windows drivers (not services) and duplicate per-user services with a locally unique identifier (LUID) at the end of the service name.\nPS C:\\> Compare-Object `\n>> -ReferenceObject (Get-Service |\n>> Select-Object -ExpandProperty Name |\n>> % { $_ -replace \"_[0-9a-f]{2,8}$\" } ) `\n>> -DifferenceObject (gci -path hklm:\\system\\currentcontrolset\\services |\n>> % { $_.Name -Replace \"HKEY_LOCAL_MACHINE\\\\\",\"HKLM:\\\" } |\n>> ? { Get-ItemProperty -Path \"$_\" -name objectname -erroraction 'ignore' } |\n>> % { $_.substring(40) }) -PassThru |\n>> ? { $_.sideIndicator -eq \"=>\" }\nSWCUEngine\nWUDFWpdFs\nPS C:\\>\nBy enumerating the registry for services and comparing against the output of Get-Service, we can identify hidden services. The output here reveals SWCUEngine as hidden, but it also reveals WUDFWpdFs (Microsoft Windows Portable Devices file system driver) as hidden as well. We can confirm this by using the Set-Service command as shown earlier in this article:\nPS C:\\> Set-Service -Name WUDFWpdFs -Status Stopped\nSet-Service : Service 'WUDFWpdFs (WUDFWpdFs)' cannot be stopped due to the following error: Cannot stop WUDFWpdFs service on computer '.'.\nAt line:1 char:1\n...\nAgain here, we can confirm that WUDFWpdFs is a service from the lack of a was not found on computer error message.\nHiding Windows services is a nice opportunity for an adversary to try to avoid detection, but once defenders know that this is possible, then it becomes an easy detect. Consider adding the checkhiddensvc.ps1 script to your next threat-hunting exercise.\nSpecial thanks to Jon Gorenflo for help in researching detection methods for this article!\nJoshua Wright, Senior Technical Director at Counter Hack Challenges and author of SEC504, has spent over two decades teaching and building tools that help defenders identify and counter real-world cyber threats through practical, hands-on learning.\nRead more about Joshua Wright",
  "sanitized_txt": "SANS Community Benefits Connect, learn, and share with other cybersecurity professionals Experience SANS training through course previews.\nLearn MoreLet us help.\nContact usBecome a member for instant access to our free resources.\nSign UpWe're here to help.\nContact UsAttackers can make a Window services disappear from view. Fortunately these services can still be found, through unconventional discovery techniques.\nIn the previous article, I wrote about a technique that can be used to hide a Windows service from view using standard service enumeration techniques including Get-Service, sc query, and services.exe:\nPS C:\\WINDOWS\\system32> & $env:SystemRoot\\System32\\sc.exe sdset SWCUEngine \"D:(D;;DCLCWPDTSD;;;IU)(D;;DCLCWPDTSD;;;SU)(D;;DCLCWPDTSD;;;BA)(A;;CCLCSWLOCRRC;;;IU)(A;;CCLCSWLOCRRC;;;SU)(A;;CCLCSWRPWPDTLOCRRC;;;SY)(A;;CCDCLCSWRPWPDTLOCRSDRCWDWO;;;BA)S:(AU;FA;CCDCLCSWRPWPDTLOCRSDRCWDWO;;;WD)\" [SC] SetServiceObjectSecurity SUCCESS PS C:\\WINDOWS\\system32> Get-Service | Select-Object Name | Select-String -Pattern 'SWCUEngine' PS C:\\WINDOWS\\system32> Get-WmiObject Win32_Service | Select-String -Pattern 'SWCUEngine' PS C:\\WINDOWS\\system32> & $env:SystemRoot\\System32\\sc.exe query | Select-String -Pattern 'SWCUEngine' PS C:\\WINDOWS\\system32> After establishing access to a system, an attacker can use this as a means to obtain persistent access to the host using the Command & Control (C2) mechanism of their choosing, evading typical service enumeration techniques.\nIf an attacker hides a service using the sc sdset technique, Windows will generate a logging event: Security log Event ID 4674:\nPS C:\\WINDOWS\\system32> $dacl=\"D:(D;;DCLCWPDTSD;;;IU)(D;;DCLCWPDTSD;;;SU)(D;;DCLCWPDTSD;;;BA)(A;;CCLCSWLOCRRC;;;IU)(A;;CCLCSWLOCRRC;;;SU)(A;;CCLCSWRPWPDTLOCRRC;;;SY)(A;;CCDCLCSWRPWPDTLOCRSDRCWDWO;;;BA)S:(AU;FA;CCDCLCSWRPWPDTLOCRSDRCWDWO;;;WD)\" PS C:\\WINDOWS\\system32> Clear-Eventlog -Logname Security ; & $env:SystemRoot\\System32\\sc.exe sdset SWCUEngine $dacl ; Sleep 1 ; Get-Eventlog -Logname Security | fl -Property EventID,Message [SC] SetServiceObjectSecurity SUCCESS EventID : 4674 Message : An operation was attempted on a privileged object.\nSubject:\nSecurity ID: S-1-5-21-2977773840-2930198165-1551093962-1000 Account Name: Sec504 Account Domain: SEC504STUDENT Logon ID: 0x35aec Object:\nObject Server: SC Manager Object Type: SERVICE OBJECT Object Name: SWCUEngine Object Handle: 0xffffbb06ee98e928 Process Information:\nProcess ID: 0x25c Process Name: C:\\Windows\\System32\\services.exe Requested Operation:\nDesired Access: %%1539 Privileges: SeSecurityPrivilege EventID : 1102 Message : The audit log was cleared.\nSubject:\nSecurity ID: S-1-5-21-2977773840-2930198165-1551093962-1000 Account Name: Sec504 Domain Name: SEC504STUDENT Logon ID: 0x35aec PS C:\\WINDOWS\\system32> Using the Splunk Boss of the SOC v3 data (courtesy of the amazing Dave Herrald), it appears that Security Event ID 4674 An operation was attempted on a privileged object events are pretty rare indeed, particularly when applied to the services.exe process. This seems like a good candidate for a DeepBlueCLI event detect.\nFirst, you'll need to download DeepBlueCLI. This is easiest if you've already installed Git on your system:\nPS C:\\> mkdir c:\\tools PS C:\\> cd tools PS C:\\tools> git clone https://github.com/sans-blue-team/DeepBlueCLI.git Cloning into 'DeepBlueCLI'...\nremote: Enumerating objects: 31, done.\nremote: Counting objects: 100% (31/31), done.\nremote: Compressing objects: 100% (21/21), done.\nReceiving objects: 100% (493/493), 5.56 MiB | 13.85 MiB/s, done.\nResolving deltas: 100% (271/271), done.\nBy default, DeepBlue.ps1 reads from the local Security log, which will identify this attack:\nPS C:\\tools> cd .\\DeepBlueCLI\\ PS C:\\tools\\DeepBlueCLI> .\\DeepBlue.ps1 Date : 10/13/2020 10:59:21 AM Log : Security EventID : 4674 Message : Possible Hidden Service Attempt Results : User requested to modify the Dynamic Access Control (DAC) permissions of a service, possibly to hide it from view.\nUser: Sec504 Target service: SWCUEngine Desired Access: WRITE_DAC Command :\nDecoded :\nA sample EVTX log capture is also available for testing.\nThis detect is useful since it also reveals the target service name. You can confirm that the service is hidden by attempting to enumerate it and to interrogate it directly. First, we confirm that the service is hidden:\nPS C:\\tools\\DeepBlueCLI> Get-Service | Select-Object Name | Select-String -Pattern 'SWCUEngine' PS C:\\tools\\DeepBlueCLI> In this output we see that the service name is not displayed in the output of Get-Service. Since we know the name of the service from the DeepBlueCLI output though, we can attempt to control the service using Set-Service:\nPS C:\\tools\\DeepBlueCLI> Set-Service -Name SWCUEngine -Status Stopped Set-Service : Service 'SWCUEngine (SWCUEngine)' cannot be configured due to the following error: Access is denied At line:1 char:1 ...\nNotice how in the Set-Service command, the error message is Access is denied. Compared to a service that really does not exist, shown below:\nPS C:\\tools\\DeepBlueCLI> Set-Service -Name JoshNonexistentService -Status Stopped Set-Service : Service JoshNonexistentService was not found on computer '.'.\nAt line:1 char:1 ...\nThe message Service ... was not found indicates that there really is no service, while the message Access is denied tells us that it does exist, and is hidden on the local system.\nThis detection mechanism is useful, but is still problematic. What if an attacker clears the event log? What if an attacker purges the log entry? What if the event log information rolls over prior to detection?\nFortunately, Windows also maintains a registry key for each service in HKLM\\System\\CurrentControlSet\\Services. We can cross-reference the registry key list with the service name list from Get-Service to identify any outliers. This gets a little complicated since there are multiple entries in the Services registry key for Windows drivers (not services) and duplicate per-user services with a locally unique identifier (LUID) at the end of the service name.\nPS C:\\> Compare-Object ` >> -ReferenceObject (Get-Service | >> Select-Object -ExpandProperty Name | >> % { $_ -replace \"_[0-9a-f]{2,8}$\" } ) ` >> -DifferenceObject (gci -path hklm:\\system\\currentcontrolset\\services | >> % { $_.Name -Replace \"HKEY_LOCAL_MACHINE\\\\\",\"HKLM:\\\" } | >> ? { Get-ItemProperty -Path \"$_\" -name objectname -erroraction 'ignore' } | >> % { $_.substring(40) }) -PassThru | >> ? { $_.sideIndicator -eq \"=>\" } SWCUEngine WUDFWpdFs PS C:\\> By enumerating the registry for services and comparing against the output of Get-Service, we can identify hidden services. The output here reveals SWCUEngine as hidden, but it also reveals WUDFWpdFs (Microsoft Windows Portable Devices file system driver) as hidden as well. We can confirm this by using the Set-Service command as shown earlier in this article:\nPS C:\\> Set-Service -Name WUDFWpdFs -Status Stopped Set-Service : Service 'WUDFWpdFs (WUDFWpdFs)' cannot be stopped due to the following error: Cannot stop WUDFWpdFs service on computer '.'.\nAt line:1 char:1 ...\nAgain here, we can confirm that WUDFWpdFs is a service from the lack of a was not found on computer error message.\nHiding Windows services is a nice opportunity for an adversary to try to avoid detection, but once defenders know that this is possible, then it becomes an easy detect. Consider adding the checkhiddensvc.ps1 script to your next threat-hunting exercise.\nSpecial thanks to Jon Gorenflo for help in researching detection methods for this article!\nJoshua Wright, Senior Technical Director at Counter Hack Challenges and author of SEC504, has spent over two decades teaching and building tools that help defenders identify and counter real-world cyber threats through practical, hands-on learning.\nRead more about Joshua Wright",
  "ID_list": [
    "T1543.003"
  ],
  "Name_list": [
    "Discovery",
    "Source"
  ],
  "TTP_sentences": {
    "T1543.003": [
      {
        "sentence": "Sign UpWe're here to help.",
        "score": 0.3361
      },
      {
        "sentence": "Fortunately these services can still be found, through unconventional discovery techniques.",
        "score": 0.3337
      },
      {
        "sentence": "Subject: Security ID: S-1-5-21-2977773840-2930198165-1551093962-1000 Account Name: Sec504 Account Domain: SEC504STUDENT Logon ID: 0x35aec Object: Object Server: SC Manager Object Type: SERVICE OBJECT Object Name: SWCUEngine Object Handle: 0xffffbb06ee98e928 Process Information: Process ID: 0x25c Process Name: C:\\Windows\\System32\\services.exe Requested Operation: Desired Access: %%1539 Privileges: SeSecurityPrivilege EventID : 1102 Message : The audit log was cleared.",
        "score": 0.4325
      },
      {
        "sentence": "Subject: Security ID: S-1-5-21-2977773840-2930198165-1551093962-1000 Account Name: Sec504 Domain Name: SEC504STUDENT Logon ID: 0x35aec PS C:\\WINDOWS\\system32> Using the Splunk Boss of the SOC v3 data (courtesy of the amazing Dave Herrald), it appears that Security Event ID 4674 An operation was attempted on a privileged object events are pretty rare indeed, particularly when applied to the services.exe process.",
        "score": 0.4632
      },
      {
        "sentence": "By default, DeepBlue.ps1 reads from the local Security log, which will identify this attack: PS C:\\tools> cd .\\DeepBlueCLI\\ PS C:\\tools\\DeepBlueCLI> .\\DeepBlue.ps1 Date : 10/13/2020 10:59:21 AM Log : Security EventID : 4674 Message : Possible Hidden Service Attempt Results : User requested to modify the Dynamic Access Control (DAC) permissions of a service, possibly to hide it from view.",
        "score": 0.4925
      },
      {
        "sentence": "User: Sec504 Target service: SWCUEngine Desired Access: WRITE_DAC Command : Decoded : A sample EVTX log capture is also available for testing.",
        "score": 0.3913
      },
      {
        "sentence": "This detect is useful since it also reveals the target service name.",
        "score": 0.4078
      },
      {
        "sentence": "First, we confirm that the service is hidden: PS C:\\tools\\DeepBlueCLI> Get-Service | Select-Object Name | Select-String -Pattern 'SWCUEngine' PS C:\\tools\\DeepBlueCLI> In this output we see that the service name is not displayed in the output of Get-Service.",
        "score": 0.5434
      },
      {
        "sentence": "Since we know the name of the service from the DeepBlueCLI output though, we can attempt to control the service using Set-Service: PS C:\\tools\\DeepBlueCLI> Set-Service -Name SWCUEngine -Status Stopped Set-Service : Service 'SWCUEngine (SWCUEngine)' cannot be configured due to the following error: Access is denied At line:1 char:1 ...",
        "score": 0.6902
      },
      {
        "sentence": "Notice how in the Set-Service command, the error message is Access is denied.",
        "score": 0.437
      },
      {
        "sentence": "Compared to a service that really does not exist, shown below: PS C:\\tools\\DeepBlueCLI> Set-Service -Name JoshNonexistentService -Status Stopped Set-Service : Service JoshNonexistentService was not found on computer '.'.",
        "score": 0.6672
      },
      {
        "sentence": "The message Service ... was not found indicates that there really is no service, while the message Access is denied tells us that it does exist, and is hidden on the local system.",
        "score": 0.4243
      },
      {
        "sentence": "Fortunately, Windows also maintains a registry key for each service in HKLM\\System\\CurrentControlSet\\Services.",
        "score": 0.5276
      },
      {
        "sentence": "We can cross-reference the registry key list with the service name list from Get-Service to identify any outliers.",
        "score": 0.3564
      },
      {
        "sentence": "This gets a little complicated since there are multiple entries in the Services registry key for Windows drivers (not services) and duplicate per-user services with a locally unique identifier (LUID) at the end of the service name.",
        "score": 0.6135
      },
      {
        "sentence": "The output here reveals SWCUEngine as hidden, but it also reveals WUDFWpdFs (Microsoft Windows Portable Devices file system driver) as hidden as well.",
        "score": 0.3249
      },
      {
        "sentence": "We can confirm this by using the Set-Service command as shown earlier in this article: PS C:\\> Set-Service -Name WUDFWpdFs -Status Stopped Set-Service : Service 'WUDFWpdFs (WUDFWpdFs)' cannot be stopped due to the following error: Cannot stop WUDFWpdFs service on computer '.'.",
        "score": 0.6084
      },
      {
        "sentence": "Again here, we can confirm that WUDFWpdFs is a service from the lack of a was not found on computer error message.",
        "score": 0.4779
      },
      {
        "sentence": "Hiding Windows services is a nice opportunity for an adversary to try to avoid detection, but once defenders know that this is possible, then it becomes an easy detect.",
        "score": 0.4967
      }
    ]
  }
}